Analysis & Synthesis report for image_processor
Fri Oct 18 21:45:40 2013
Quartus II 32-bit Version 13.0.1 Build 232 06/12/2013 Service Pack 1 SJ Web Edition


---------------------
; Table of Contents ;
---------------------
  1. Legal Notice
  2. Analysis & Synthesis Summary
  3. Analysis & Synthesis Settings
  4. Parallel Compilation
  5. Analysis & Synthesis Messages
  6. Analysis & Synthesis Suppressed Messages



----------------
; Legal Notice ;
----------------
Copyright (C) 1991-2013 Altera Corporation
Your use of Altera Corporation's design tools, logic functions 
and other software and tools, and its AMPP partner logic 
functions, and any output files from any of the foregoing 
(including device programming or simulation files), and any 
associated documentation or information are expressly subject 
to the terms and conditions of the Altera Program License 
Subscription Agreement, Altera MegaCore Function License 
Agreement, or other applicable license agreement, including, 
without limitation, that your use is for the sole purpose of 
programming logic devices manufactured by Altera and sold by 
Altera or its authorized distributors.  Please refer to the 
applicable agreement for further details.



+--------------------------------------------------------------------------------------+
; Analysis & Synthesis Summary                                                         ;
+------------------------------------+-------------------------------------------------+
; Analysis & Synthesis Status        ; Failed - Fri Oct 18 21:45:40 2013               ;
; Quartus II 32-bit Version          ; 13.0.1 Build 232 06/12/2013 SP 1 SJ Web Edition ;
; Revision Name                      ; image_processor                                 ;
; Top-level Entity Name              ; image_processor                                 ;
; Family                             ; Cyclone II                                      ;
; Total logic elements               ; N/A until Partition Merge                       ;
;     Total combinational functions  ; N/A until Partition Merge                       ;
;     Dedicated logic registers      ; N/A until Partition Merge                       ;
; Total registers                    ; N/A until Partition Merge                       ;
; Total pins                         ; N/A until Partition Merge                       ;
; Total virtual pins                 ; N/A until Partition Merge                       ;
; Total memory bits                  ; N/A until Partition Merge                       ;
; Embedded Multiplier 9-bit elements ; N/A until Partition Merge                       ;
; Total PLLs                         ; N/A until Partition Merge                       ;
+------------------------------------+-------------------------------------------------+


+----------------------------------------------------------------------------------------------------------------------+
; Analysis & Synthesis Settings                                                                                        ;
+----------------------------------------------------------------------------+--------------------+--------------------+
; Option                                                                     ; Setting            ; Default Value      ;
+----------------------------------------------------------------------------+--------------------+--------------------+
; Device                                                                     ; EP2C20F484C7       ;                    ;
; Top-level entity name                                                      ; image_processor    ; image_processor    ;
; Family name                                                                ; Cyclone II         ; Cyclone IV GX      ;
; Use smart compilation                                                      ; Off                ; Off                ;
; Enable parallel Assembler and TimeQuest Timing Analyzer during compilation ; On                 ; On                 ;
; Enable compact report table                                                ; Off                ; Off                ;
; Restructure Multiplexers                                                   ; Auto               ; Auto               ;
; Create Debugging Nodes for IP Cores                                        ; Off                ; Off                ;
; Preserve fewer node names                                                  ; On                 ; On                 ;
; Disable OpenCore Plus hardware evaluation                                  ; Off                ; Off                ;
; Verilog Version                                                            ; Verilog_2001       ; Verilog_2001       ;
; VHDL Version                                                               ; VHDL_1993          ; VHDL_1993          ;
; State Machine Processing                                                   ; Auto               ; Auto               ;
; Safe State Machine                                                         ; Off                ; Off                ;
; Extract Verilog State Machines                                             ; On                 ; On                 ;
; Extract VHDL State Machines                                                ; On                 ; On                 ;
; Ignore Verilog initial constructs                                          ; Off                ; Off                ;
; Iteration limit for constant Verilog loops                                 ; 5000               ; 5000               ;
; Iteration limit for non-constant Verilog loops                             ; 250                ; 250                ;
; Add Pass-Through Logic to Inferred RAMs                                    ; On                 ; On                 ;
; Infer RAMs from Raw Logic                                                  ; On                 ; On                 ;
; Parallel Synthesis                                                         ; On                 ; On                 ;
; DSP Block Balancing                                                        ; Auto               ; Auto               ;
; NOT Gate Push-Back                                                         ; On                 ; On                 ;
; Power-Up Don't Care                                                        ; On                 ; On                 ;
; Remove Redundant Logic Cells                                               ; Off                ; Off                ;
; Remove Duplicate Registers                                                 ; On                 ; On                 ;
; Ignore CARRY Buffers                                                       ; Off                ; Off                ;
; Ignore CASCADE Buffers                                                     ; Off                ; Off                ;
; Ignore GLOBAL Buffers                                                      ; Off                ; Off                ;
; Ignore ROW GLOBAL Buffers                                                  ; Off                ; Off                ;
; Ignore LCELL Buffers                                                       ; Off                ; Off                ;
; Ignore SOFT Buffers                                                        ; On                 ; On                 ;
; Limit AHDL Integers to 32 Bits                                             ; Off                ; Off                ;
; Optimization Technique                                                     ; Balanced           ; Balanced           ;
; Carry Chain Length                                                         ; 70                 ; 70                 ;
; Auto Carry Chains                                                          ; On                 ; On                 ;
; Auto Open-Drain Pins                                                       ; On                 ; On                 ;
; Perform WYSIWYG Primitive Resynthesis                                      ; Off                ; Off                ;
; Auto ROM Replacement                                                       ; On                 ; On                 ;
; Auto RAM Replacement                                                       ; On                 ; On                 ;
; Auto Shift Register Replacement                                            ; Auto               ; Auto               ;
; Allow Shift Register Merging across Hierarchies                            ; Auto               ; Auto               ;
; Auto Clock Enable Replacement                                              ; On                 ; On                 ;
; Strict RAM Replacement                                                     ; Off                ; Off                ;
; Allow Synchronous Control Signals                                          ; On                 ; On                 ;
; Force Use of Synchronous Clear Signals                                     ; Off                ; Off                ;
; Auto RAM to Logic Cell Conversion                                          ; Off                ; Off                ;
; Auto Resource Sharing                                                      ; Off                ; Off                ;
; Allow Any RAM Size For Recognition                                         ; Off                ; Off                ;
; Allow Any ROM Size For Recognition                                         ; Off                ; Off                ;
; Allow Any Shift Register Size For Recognition                              ; Off                ; Off                ;
; Use LogicLock Constraints during Resource Balancing                        ; On                 ; On                 ;
; Ignore translate_off and synthesis_off directives                          ; Off                ; Off                ;
; Timing-Driven Synthesis                                                    ; Off                ; Off                ;
; Report Parameter Settings                                                  ; On                 ; On                 ;
; Report Source Assignments                                                  ; On                 ; On                 ;
; Report Connectivity Checks                                                 ; On                 ; On                 ;
; Ignore Maximum Fan-Out Assignments                                         ; Off                ; Off                ;
; Synchronization Register Chain Length                                      ; 2                  ; 2                  ;
; PowerPlay Power Optimization                                               ; Normal compilation ; Normal compilation ;
; HDL message level                                                          ; Level2             ; Level2             ;
; Suppress Register Optimization Related Messages                            ; Off                ; Off                ;
; Number of Removed Registers Reported in Synthesis Report                   ; 5000               ; 5000               ;
; Number of Swept Nodes Reported in Synthesis Report                         ; 5000               ; 5000               ;
; Number of Inverted Registers Reported in Synthesis Report                  ; 100                ; 100                ;
; Clock MUX Protection                                                       ; On                 ; On                 ;
; Auto Gated Clock Conversion                                                ; Off                ; Off                ;
; Block Design Naming                                                        ; Auto               ; Auto               ;
; SDC constraint protection                                                  ; Off                ; Off                ;
; Synthesis Effort                                                           ; Auto               ; Auto               ;
; Shift Register Replacement - Allow Asynchronous Clear Signal               ; On                 ; On                 ;
; Pre-Mapping Resynthesis Optimization                                       ; Off                ; Off                ;
; Analysis & Synthesis Message Level                                         ; Medium             ; Medium             ;
; Disable Register Merging Across Hierarchies                                ; Auto               ; Auto               ;
; Resource Aware Inference For Block RAM                                     ; On                 ; On                 ;
; Synthesis Seed                                                             ; 1                  ; 1                  ;
+----------------------------------------------------------------------------+--------------------+--------------------+


+------------------------------------------+
; Parallel Compilation                     ;
+----------------------------+-------------+
; Processors                 ; Number      ;
+----------------------------+-------------+
; Number detected on machine ; 2           ;
; Maximum allowed            ; 2           ;
;                            ;             ;
; Average used               ; 1.00        ;
; Maximum used               ; 1           ;
;                            ;             ;
; Usage by Processor         ; % Time Used ;
;     Processor 1            ; 100.0%      ;
;     Processor 2            ;   0.0%      ;
+----------------------------+-------------+


+-------------------------------+
; Analysis & Synthesis Messages ;
+-------------------------------+
Info: *******************************************************************
Info: Running Quartus II 32-bit Analysis & Synthesis
    Info: Version 13.0.1 Build 232 06/12/2013 Service Pack 1 SJ Web Edition
    Info: Processing started: Fri Oct 18 21:45:39 2013
Info: Command: quartus_map --read_settings_files=on --write_settings_files=off image_processor -c image_processor
Info (20030): Parallel compilation is enabled and will use 2 of the 2 processors detected
Info (12021): Found 1 design units, including 1 entities, in source file /home/silver/code/serial/fpga.v
    Info (12023): Found entity 1: image_processor
Info (12021): Found 1 design units, including 1 entities, in source file serial_read.v
    Info (12023): Found entity 1: serial_read
Info (12127): Elaborating entity "image_processor" for the top level hierarchy
Warning (10034): Output port "HEX0" at fpga.v(95) has no driver
Warning (10034): Output port "HEX1" at fpga.v(96) has no driver
Warning (10034): Output port "HEX2" at fpga.v(97) has no driver
Warning (10034): Output port "HEX3" at fpga.v(98) has no driver
Warning (10034): Output port "ledg" at fpga.v(100) has no driver
Warning (10034): Output port "ledr[9..8]" at fpga.v(101) has no driver
Warning (10034): Output port "DRAM_ADDR" at fpga.v(107) has no driver
Warning (10034): Output port "FL_ADDR" at fpga.v(120) has no driver
Warning (10034): Output port "SRAM_ADDR" at fpga.v(127) has no driver
Warning (10034): Output port "VGA_R" at fpga.v(152) has no driver
Warning (10034): Output port "VGA_G" at fpga.v(153) has no driver
Warning (10034): Output port "VGA_B" at fpga.v(154) has no driver
Warning (10034): Output port "tx" at fpga.v(103) has no driver
Warning (10034): Output port "DRAM_LDQM" at fpga.v(108) has no driver
Warning (10034): Output port "DRAM_UDQM" at fpga.v(109) has no driver
Warning (10034): Output port "DRAM_WE_N" at fpga.v(110) has no driver
Warning (10034): Output port "DRAM_CAS_N" at fpga.v(111) has no driver
Warning (10034): Output port "DRAM_RAS_N" at fpga.v(112) has no driver
Warning (10034): Output port "DRAM_CS_N" at fpga.v(113) has no driver
Warning (10034): Output port "DRAM_BA_0" at fpga.v(114) has no driver
Warning (10034): Output port "DRAM_BA_1" at fpga.v(115) has no driver
Warning (10034): Output port "DRAM_CLK" at fpga.v(116) has no driver
Warning (10034): Output port "DRAM_CKE" at fpga.v(117) has no driver
Warning (10034): Output port "FL_WE_N" at fpga.v(121) has no driver
Warning (10034): Output port "FL_RST_N" at fpga.v(122) has no driver
Warning (10034): Output port "FL_OE_N" at fpga.v(123) has no driver
Warning (10034): Output port "FL_CE_N" at fpga.v(124) has no driver
Warning (10034): Output port "SRAM_UB_N" at fpga.v(128) has no driver
Warning (10034): Output port "SRAM_LB_N" at fpga.v(129) has no driver
Warning (10034): Output port "SRAM_WE_N" at fpga.v(130) has no driver
Warning (10034): Output port "SRAM_CE_N" at fpga.v(131) has no driver
Warning (10034): Output port "SRAM_OE_N" at fpga.v(132) has no driver
Warning (10034): Output port "SD_CLK" at fpga.v(137) has no driver
Warning (10034): Output port "TDO" at fpga.v(148) has no driver
Warning (10034): Output port "I2C_SCLK" at fpga.v(140) has no driver
Warning (10034): Output port "VGA_HS" at fpga.v(150) has no driver
Warning (10034): Output port "VGA_VS" at fpga.v(151) has no driver
Warning (10034): Output port "AUD_DACDAT" at fpga.v(159) has no driver
Warning (10034): Output port "AUD_XCK" at fpga.v(161) has no driver
Info (12128): Elaborating entity "serial_read" for hierarchy "serial_read:serial"
Warning (10230): Verilog HDL assignment warning at serial_read.v(14): truncated value with size 32 to match size of target (16)
Warning (10230): Verilog HDL assignment warning at serial_read.v(51): truncated value with size 32 to match size of target (3)
Warning (10230): Verilog HDL assignment warning at serial_read.v(59): truncated value with size 32 to match size of target (3)
Warning (10270): Verilog HDL Case Statement warning at serial_read.v(66): incomplete case statement has no default case item
Info (10264): Verilog HDL Case Statement information at serial_read.v(66): all case item expressions in this case statement are onehot
Warning (10240): Verilog HDL Always Construct warning at serial_read.v(66): inferring latch(es) for variable "next_state", which holds its previous value in one or more paths through the always construct
Info (10264): Verilog HDL Case Statement information at serial_read.v(89): all case item expressions in this case statement are onehot
Info (10041): Inferred latch for "next_state.STATE_STOP_BIT" at serial_read.v(66)
Info (10041): Inferred latch for "next_state.STATE_BIT7" at serial_read.v(66)
Info (10041): Inferred latch for "next_state.STATE_BIT6" at serial_read.v(66)
Info (10041): Inferred latch for "next_state.STATE_BIT5" at serial_read.v(66)
Info (10041): Inferred latch for "next_state.STATE_BIT4" at serial_read.v(66)
Info (10041): Inferred latch for "next_state.STATE_BIT3" at serial_read.v(66)
Info (10041): Inferred latch for "next_state.STATE_BIT2" at serial_read.v(66)
Info (10041): Inferred latch for "next_state.STATE_BIT1" at serial_read.v(66)
Info (10041): Inferred latch for "next_state.STATE_BIT0" at serial_read.v(66)
Info (10041): Inferred latch for "next_state.STATE_START_BIT" at serial_read.v(66)
Info (10041): Inferred latch for "next_state.STATE_IDLE" at serial_read.v(66)
Error (10028): Can't resolve multiple constant drivers for net "state.STATE_IDLE" at serial_read.v(87) File: /home/silver/code/serial/quartus/serial_read.v Line: 87
Error (10029): Constant driver at serial_read.v(43) File: /home/silver/code/serial/quartus/serial_read.v Line: 43
Error (10028): Can't resolve multiple constant drivers for net "state.STATE_START_BIT" at serial_read.v(87) File: /home/silver/code/serial/quartus/serial_read.v Line: 87
Error (10028): Can't resolve multiple constant drivers for net "state.STATE_BIT0" at serial_read.v(87) File: /home/silver/code/serial/quartus/serial_read.v Line: 87
Error (10028): Can't resolve multiple constant drivers for net "state.STATE_BIT1" at serial_read.v(87) File: /home/silver/code/serial/quartus/serial_read.v Line: 87
Error (10028): Can't resolve multiple constant drivers for net "state.STATE_BIT2" at serial_read.v(87) File: /home/silver/code/serial/quartus/serial_read.v Line: 87
Error (10028): Can't resolve multiple constant drivers for net "state.STATE_BIT3" at serial_read.v(87) File: /home/silver/code/serial/quartus/serial_read.v Line: 87
Error (10028): Can't resolve multiple constant drivers for net "state.STATE_BIT4" at serial_read.v(87) File: /home/silver/code/serial/quartus/serial_read.v Line: 87
Error (10028): Can't resolve multiple constant drivers for net "state.STATE_BIT5" at serial_read.v(87) File: /home/silver/code/serial/quartus/serial_read.v Line: 87
Error (10028): Can't resolve multiple constant drivers for net "state.STATE_BIT6" at serial_read.v(87) File: /home/silver/code/serial/quartus/serial_read.v Line: 87
Error (10028): Can't resolve multiple constant drivers for net "state.STATE_BIT7" at serial_read.v(87) File: /home/silver/code/serial/quartus/serial_read.v Line: 87
Error (10028): Can't resolve multiple constant drivers for net "state.STATE_STOP_BIT" at serial_read.v(87) File: /home/silver/code/serial/quartus/serial_read.v Line: 87
Error (12152): Can't elaborate user hierarchy "serial_read:serial" File: /home/silver/code/serial/fpga.v Line: 168
Info (144001): Generated suppressed messages file /home/silver/code/serial/quartus/output_files/image_processor.map.smsg
Error: Quartus II 32-bit Analysis & Synthesis was unsuccessful. 13 errors, 44 warnings
    Error: Peak virtual memory: 334 megabytes
    Error: Processing ended: Fri Oct 18 21:45:40 2013
    Error: Elapsed time: 00:00:01
    Error: Total CPU time (on all processors): 00:00:01


+------------------------------------------+
; Analysis & Synthesis Suppressed Messages ;
+------------------------------------------+
The suppressed messages can be found in /home/silver/code/serial/quartus/output_files/image_processor.map.smsg.


